<?xml version="1.0" encoding="UTF-8"?>
<testng-results skipped="0" failed="0" ignored="0" total="1" passed="1">
  <reporter-output>
  </reporter-output>
  <suite name="Default suite" duration-ms="7320" started-at="2020-06-11T16:06:11Z" finished-at="2020-06-11T16:06:18Z">
    <groups>
    </groups>
    <test name="Default test" duration-ms="7320" started-at="2020-06-11T16:06:11Z" finished-at="2020-06-11T16:06:18Z">
      <class name="TestCase1">
        <test-method status="PASS" signature="beforeMethod()[pri:0, instance:TestCase1@490ab905]" name="beforeMethod" is-config="true" duration-ms="4" started-at="2020-06-11T16:06:11Z" finished-at="2020-06-11T16:06:11Z">
          <reporter-output>
          </reporter-output>
        </test-method> <!-- beforeMethod -->
        <test-method status="PASS" signature="f()[pri:0, instance:TestCase1@490ab905]" name="f" duration-ms="7285" started-at="2020-06-11T16:06:11Z" finished-at="2020-06-11T16:06:18Z">
          <reporter-output>
          </reporter-output>
        </test-method> <!-- f -->
        <test-method status="PASS" signature="afterMethod()[pri:0, instance:TestCase1@490ab905]" name="afterMethod" is-config="true" duration-ms="1" started-at="2020-06-11T16:06:18Z" finished-at="2020-06-11T16:06:18Z">
          <reporter-output>
          </reporter-output>
        </test-method> <!-- afterMethod -->
      </class> <!-- TestCase1 -->
    </test> <!-- Default test -->
  </suite> <!-- Default suite -->
</testng-results>
